<?xml version="1.0" encoding="UTF-8"?>
<testsuite name="TestSuite" time="11.182" tests="10" errors="0" skipped="0" failures="1">
  <properties>
[...]
</properties>
  <testcase name="getUserDataByPageTest" classname="apitest.ReqResTest" time="5.804"/>
  <testcase name="verifyResourceDataById" classname="apitest.ReqResTest" time="1.28">
    <failure message="3 expectations failed.&#10;JSON path data.name doesn&apos;t match.&#10;Expected: true red&#10;  Actual: cerulean&#10;&#10;JSON path data.year doesn&apos;t match.&#10;Expected: &lt;2002&gt;&#10;  Actual: 2000&#10;&#10;JSON path data.color doesn&apos;t match.&#10;Expected: #BF1932&#10;  Actual: #98B2D1&#10;" type="java.lang.AssertionError"><![CDATA[java.lang.AssertionError: 3 expectations failed.
JSON path data.name doesn't match.
Expected: true red
  Actual: cerulean

JSON path data.year doesn't match.
Expected: <2002>
  Actual: 2000

JSON path data.color doesn't match.
Expected: #BF1932
  Actual: #98B2D1

	at sun.reflect.NativeConstructorAccessorImpl.newInstance0(Native Method)
	at sun.reflect.NativeConstructorAccessorImpl.newInstance(NativeConstructorAccessorImpl.java:62)
	at sun.reflect.DelegatingConstructorAccessorImpl.newInstance(DelegatingConstructorAccessorImpl.java:45)
	at java.lang.reflect.Constructor.newInstance(Constructor.java:423)
	at org.codehaus.groovy.reflection.CachedConstructor.invoke(CachedConstructor.java:83)
	at org.codehaus.groovy.reflection.CachedConstructor.doConstructorInvoke(CachedConstructor.java:77)
	at org.codehaus.groovy.runtime.callsite.ConstructorSite$ConstructorSiteNoUnwrap.callConstructor(ConstructorSite.java:84)
	at org.codehaus.groovy.runtime.callsite.CallSiteArray.defaultCallConstructor(CallSiteArray.java:60)
	at org.codehaus.groovy.runtime.callsite.AbstractCallSite.callConstructor(AbstractCallSite.java:235)
	at org.codehaus.groovy.runtime.callsite.AbstractCallSite.callConstructor(AbstractCallSite.java:247)
	at io.restassured.internal.ResponseSpecificationImpl$HamcrestAssertionClosure.validate(ResponseSpecificationImpl.groovy:471)
	at io.restassured.internal.ResponseSpecificationImpl$HamcrestAssertionClosure$validate$1.call(Unknown Source)
	at io.restassured.internal.ResponseSpecificationImpl.validateResponseIfRequired(ResponseSpecificationImpl.groovy:643)
	at sun.reflect.NativeMethodAccessorImpl.invoke0(Native Method)
	at sun.reflect.NativeMethodAccessorImpl.invoke(NativeMethodAccessorImpl.java:62)
	at sun.reflect.DelegatingMethodAccessorImpl.invoke(DelegatingMethodAccessorImpl.java:43)
	at java.lang.reflect.Method.invoke(Method.java:498)
	at org.codehaus.groovy.runtime.callsite.PogoMetaMethodSite$PogoCachedMethodSiteNoUnwrapNoCoerce.invoke(PogoMetaMethodSite.java:210)
	at org.codehaus.groovy.runtime.callsite.PogoMetaMethodSite.callCurrent(PogoMetaMethodSite.java:59)
	at org.codehaus.groovy.runtime.callsite.CallSiteArray.defaultCallCurrent(CallSiteArray.java:52)
	at org.codehaus.groovy.runtime.callsite.AbstractCallSite.callCurrent(AbstractCallSite.java:154)
	at org.codehaus.groovy.runtime.callsite.AbstractCallSite.callCurrent(AbstractCallSite.java:166)
	at io.restassured.internal.ResponseSpecificationImpl.content(ResponseSpecificationImpl.groovy:265)
	at io.restassured.specification.ResponseSpecification$content$1.callCurrent(Unknown Source)
	at org.codehaus.groovy.runtime.callsite.CallSiteArray.defaultCallCurrent(CallSiteArray.java:52)
	at org.codehaus.groovy.runtime.callsite.AbstractCallSite.callCurrent(AbstractCallSite.java:154)
	at org.codehaus.groovy.runtime.callsite.AbstractCallSite.callCurrent(AbstractCallSite.java:190)
	at io.restassured.internal.ResponseSpecificationImpl.body(ResponseSpecificationImpl.groovy:248)
	at io.restassured.internal.ValidatableResponseOptionsImpl.body(ValidatableResponseOptionsImpl.java:268)
	at apitest.ReqResTestBase.verifyResourceDataById(ReqResTestBase.java:64)
	at apitest.ReqResTest.verifyResourceDataById(ReqResTest.java:43)
]]></failure>
    <system-out><![CDATA[[INFO ] 16:15:23 getUserDataByPageTest: Test: class org.testng.internal.TestResult verifyResourceDataById is started
{
    "data": {
        "id": 1,
        "name": "cerulean",
        "year": 2000,
        "color": "#98B2D1",
        "pantone_value": "15-4020"
    }
}
[ERROR] 16:15:24 getUserDataByPageTest: Test: class org.testng.internal.TestResult verifyResourceDataById FAILED
]]></system-out>
  </testcase>
  <testcase name="verifyUnsuccessfulLogin" classname="apitest.ReqResTest" time="0.631"/>
  <testcase name="verifyUserAbsenceById" classname="apitest.ReqResTest" time="0.342"/>
  <testcase name="verifyUserCreation" classname="apitest.ReqResTest" time="0.695"/>
  <testcase name="verifyUserDeleteById" classname="apitest.ReqResTest" time="0.498"/>
  <testcase name="verifyUserNamesById" classname="apitest.ReqResTest" time="0.582"/>
  <testcase name="verifyUserPresenceById" classname="apitest.ReqResTest" time="0.338"/>
  <testcase name="verifyUserUpdate" classname="apitest.ReqResTest" time="0.569"/>
  <testcase name="verifyUsersAmountOnPage" classname="apitest.ReqResTest" time="0.443"/>
</testsuite>